::1 - - [14/May/2020:21:11:27 +0000] "GET /users/profile/5ebdb2f52167b470da8b0a34 HTTP/1.1" 200 1475 "http://localhost:8000/users/profile/5ebdb2f52167b470da8b0a34" "Mozilla/5.0 (X11; Linux x86_64) AppleWebKit/537.36 (KHTML, like Gecko) Chrome/81.0.4044.138 Safari/537.36"
::1 - - [14/May/2020:21:11:27 +0000] "GET /css/layout.css HTTP/1.1" 304 - "http://localhost:8000/users/profile/5ebdb2f52167b470da8b0a34" "Mozilla/5.0 (X11; Linux x86_64) AppleWebKit/537.36 (KHTML, like Gecko) Chrome/81.0.4044.138 Safari/537.36"
::1 - - [14/May/2020:21:11:27 +0000] "GET /css/_header.css HTTP/1.1" 304 - "http://localhost:8000/users/profile/5ebdb2f52167b470da8b0a34" "Mozilla/5.0 (X11; Linux x86_64) AppleWebKit/537.36 (KHTML, like Gecko) Chrome/81.0.4044.138 Safari/537.36"
::1 - - [14/May/2020:21:11:27 +0000] "GET /css/_footer.css HTTP/1.1" 304 - "http://localhost:8000/users/profile/5ebdb2f52167b470da8b0a34" "Mozilla/5.0 (X11; Linux x86_64) AppleWebKit/537.36 (KHTML, like Gecko) Chrome/81.0.4044.138 Safari/537.36"
::1 - - [14/May/2020:21:11:27 +0000] "GET /uploads/users/avatars/avatar-1589490626998 HTTP/1.1" 304 - "http://localhost:8000/users/profile/5ebdb2f52167b470da8b0a34" "Mozilla/5.0 (X11; Linux x86_64) AppleWebKit/537.36 (KHTML, like Gecko) Chrome/81.0.4044.138 Safari/537.36"
::1 - - [14/May/2020:21:11:28 +0000] "GET /users/profile/5ebdb2f52167b470da8b0a34 HTTP/1.1" 304 - "http://localhost:8000/users/profile/5ebdb2f52167b470da8b0a34" "Mozilla/5.0 (X11; Linux x86_64) AppleWebKit/537.36 (KHTML, like Gecko) Chrome/81.0.4044.138 Safari/537.36"
::1 - - [14/May/2020:21:11:28 +0000] "GET /css/layout.css HTTP/1.1" 304 - "http://localhost:8000/users/profile/5ebdb2f52167b470da8b0a34" "Mozilla/5.0 (X11; Linux x86_64) AppleWebKit/537.36 (KHTML, like Gecko) Chrome/81.0.4044.138 Safari/537.36"
::1 - - [14/May/2020:21:11:28 +0000] "GET /css/_header.css HTTP/1.1" 304 - "http://localhost:8000/users/profile/5ebdb2f52167b470da8b0a34" "Mozilla/5.0 (X11; Linux x86_64) AppleWebKit/537.36 (KHTML, like Gecko) Chrome/81.0.4044.138 Safari/537.36"
::1 - - [14/May/2020:21:11:28 +0000] "GET /css/_footer.css HTTP/1.1" 304 - "http://localhost:8000/users/profile/5ebdb2f52167b470da8b0a34" "Mozilla/5.0 (X11; Linux x86_64) AppleWebKit/537.36 (KHTML, like Gecko) Chrome/81.0.4044.138 Safari/537.36"
::1 - - [14/May/2020:21:11:28 +0000] "GET /uploads/users/avatars/avatar-1589490626998 HTTP/1.1" 304 - "http://localhost:8000/users/profile/5ebdb2f52167b470da8b0a34" "Mozilla/5.0 (X11; Linux x86_64) AppleWebKit/537.36 (KHTML, like Gecko) Chrome/81.0.4044.138 Safari/537.36"
::1 - - [14/May/2020:21:12:01 +0000] "GET /users/profile/5ebdb2f52167b470da8b0a34 HTTP/1.1" 304 - "http://localhost:8000/users/profile/5ebdb2f52167b470da8b0a34" "Mozilla/5.0 (X11; Linux x86_64) AppleWebKit/537.36 (KHTML, like Gecko) Chrome/81.0.4044.138 Safari/537.36"
::1 - - [14/May/2020:21:12:02 +0000] "GET /css/layout.css HTTP/1.1" 304 - "http://localhost:8000/users/profile/5ebdb2f52167b470da8b0a34" "Mozilla/5.0 (X11; Linux x86_64) AppleWebKit/537.36 (KHTML, like Gecko) Chrome/81.0.4044.138 Safari/537.36"
::1 - - [14/May/2020:21:12:02 +0000] "GET /css/_header.css HTTP/1.1" 304 - "http://localhost:8000/users/profile/5ebdb2f52167b470da8b0a34" "Mozilla/5.0 (X11; Linux x86_64) AppleWebKit/537.36 (KHTML, like Gecko) Chrome/81.0.4044.138 Safari/537.36"
::1 - - [14/May/2020:21:12:02 +0000] "GET /css/_footer.css HTTP/1.1" 304 - "http://localhost:8000/users/profile/5ebdb2f52167b470da8b0a34" "Mozilla/5.0 (X11; Linux x86_64) AppleWebKit/537.36 (KHTML, like Gecko) Chrome/81.0.4044.138 Safari/537.36"
::1 - - [14/May/2020:21:12:02 +0000] "GET /uploads/users/avatars/avatar-1589490626998 HTTP/1.1" 304 - "http://localhost:8000/users/profile/5ebdb2f52167b470da8b0a34" "Mozilla/5.0 (X11; Linux x86_64) AppleWebKit/537.36 (KHTML, like Gecko) Chrome/81.0.4044.138 Safari/537.36"
::1 - - [14/May/2020:21:12:03 +0000] "GET /users/profile/5ebdb2f52167b470da8b0a34 HTTP/1.1" 304 - "http://localhost:8000/users/profile/5ebdb2f52167b470da8b0a34" "Mozilla/5.0 (X11; Linux x86_64) AppleWebKit/537.36 (KHTML, like Gecko) Chrome/81.0.4044.138 Safari/537.36"
::1 - - [14/May/2020:21:12:03 +0000] "GET /css/layout.css HTTP/1.1" 304 - "http://localhost:8000/users/profile/5ebdb2f52167b470da8b0a34" "Mozilla/5.0 (X11; Linux x86_64) AppleWebKit/537.36 (KHTML, like Gecko) Chrome/81.0.4044.138 Safari/537.36"
::1 - - [14/May/2020:21:12:03 +0000] "GET /css/_header.css HTTP/1.1" 304 - "http://localhost:8000/users/profile/5ebdb2f52167b470da8b0a34" "Mozilla/5.0 (X11; Linux x86_64) AppleWebKit/537.36 (KHTML, like Gecko) Chrome/81.0.4044.138 Safari/537.36"
::1 - - [14/May/2020:21:12:03 +0000] "GET /css/_footer.css HTTP/1.1" 304 - "http://localhost:8000/users/profile/5ebdb2f52167b470da8b0a34" "Mozilla/5.0 (X11; Linux x86_64) AppleWebKit/537.36 (KHTML, like Gecko) Chrome/81.0.4044.138 Safari/537.36"
::1 - - [14/May/2020:21:12:03 +0000] "GET /uploads/users/avatars/avatar-1589490626998 HTTP/1.1" 304 - "http://localhost:8000/users/profile/5ebdb2f52167b470da8b0a34" "Mozilla/5.0 (X11; Linux x86_64) AppleWebKit/537.36 (KHTML, like Gecko) Chrome/81.0.4044.138 Safari/537.36"
::1 - - [14/May/2020:21:12:06 +0000] "GET /users/logout HTTP/1.1" 302 70 "http://localhost:8000/users/profile/5ebdb2f52167b470da8b0a34" "Mozilla/5.0 (X11; Linux x86_64) AppleWebKit/537.36 (KHTML, like Gecko) Chrome/81.0.4044.138 Safari/537.36"
::1 - - [14/May/2020:21:12:06 +0000] "GET /users/signIn HTTP/1.1" 304 - "http://localhost:8000/users/profile/5ebdb2f52167b470da8b0a34" "Mozilla/5.0 (X11; Linux x86_64) AppleWebKit/537.36 (KHTML, like Gecko) Chrome/81.0.4044.138 Safari/537.36"
::1 - - [14/May/2020:21:12:06 +0000] "GET /css/layout.css HTTP/1.1" 304 - "http://localhost:8000/users/signIn" "Mozilla/5.0 (X11; Linux x86_64) AppleWebKit/537.36 (KHTML, like Gecko) Chrome/81.0.4044.138 Safari/537.36"
::1 - - [14/May/2020:21:12:06 +0000] "GET /css/_header.css HTTP/1.1" 304 - "http://localhost:8000/users/signIn" "Mozilla/5.0 (X11; Linux x86_64) AppleWebKit/537.36 (KHTML, like Gecko) Chrome/81.0.4044.138 Safari/537.36"
::1 - - [14/May/2020:21:12:06 +0000] "GET /css/_footer.css HTTP/1.1" 304 - "http://localhost:8000/users/signIn" "Mozilla/5.0 (X11; Linux x86_64) AppleWebKit/537.36 (KHTML, like Gecko) Chrome/81.0.4044.138 Safari/537.36"
::1 - - [14/May/2020:21:12:22 +0000] "GET /users/signIn HTTP/1.1" 200 1261 "http://localhost:8000/users/signIn" "Mozilla/5.0 (X11; Linux x86_64) AppleWebKit/537.36 (KHTML, like Gecko) Chrome/81.0.4044.138 Safari/537.36"
::1 - - [14/May/2020:21:12:22 +0000] "GET /css/layout.css HTTP/1.1" 304 - "http://localhost:8000/users/signIn" "Mozilla/5.0 (X11; Linux x86_64) AppleWebKit/537.36 (KHTML, like Gecko) Chrome/81.0.4044.138 Safari/537.36"
::1 - - [14/May/2020:21:12:22 +0000] "GET /css/_header.css HTTP/1.1" 304 - "http://localhost:8000/users/signIn" "Mozilla/5.0 (X11; Linux x86_64) AppleWebKit/537.36 (KHTML, like Gecko) Chrome/81.0.4044.138 Safari/537.36"
::1 - - [14/May/2020:21:12:22 +0000] "GET /css/_footer.css HTTP/1.1" 304 - "http://localhost:8000/users/signIn" "Mozilla/5.0 (X11; Linux x86_64) AppleWebKit/537.36 (KHTML, like Gecko) Chrome/81.0.4044.138 Safari/537.36"
::1 - - [14/May/2020:21:12:25 +0000] "GET /users/auth/google HTTP/1.1" 302 0 "http://localhost:8000/users/signIn" "Mozilla/5.0 (X11; Linux x86_64) AppleWebKit/537.36 (KHTML, like Gecko) Chrome/81.0.4044.138 Safari/537.36"
::1 - - [14/May/2020:21:12:28 +0000] "GET /users/auth/google/callback?code=4%2FzwEIumGvh8ptoAhGoyAPBiUkcDlfa4YpCQ55Xd1sNcArOhJoOWfzCD6GS3FBazJvnQQA-Bi2fOTfYgC91C9i3jI&scope=email+profile+https%3A%2F%2Fwww.googleapis.com%2Fauth%2Fuserinfo.profile+https%3A%2F%2Fwww.googleapis.com%2Fauth%2Fuserinfo.email+openid&authuser=0&prompt=none HTTP/1.1" 302 46 "http://localhost:8000/users/signIn" "Mozilla/5.0 (X11; Linux x86_64) AppleWebKit/537.36 (KHTML, like Gecko) Chrome/81.0.4044.138 Safari/537.36"
::1 - - [14/May/2020:21:12:28 +0000] "GET / HTTP/1.1" 200 3554 "http://localhost:8000/users/signIn" "Mozilla/5.0 (X11; Linux x86_64) AppleWebKit/537.36 (KHTML, like Gecko) Chrome/81.0.4044.138 Safari/537.36"
::1 - - [14/May/2020:21:12:28 +0000] "GET /css/layout.css HTTP/1.1" 304 - "http://localhost:8000/" "Mozilla/5.0 (X11; Linux x86_64) AppleWebKit/537.36 (KHTML, like Gecko) Chrome/81.0.4044.138 Safari/537.36"
::1 - - [14/May/2020:21:12:28 +0000] "GET /css/_chatbox.css HTTP/1.1" 304 - "http://localhost:8000/" "Mozilla/5.0 (X11; Linux x86_64) AppleWebKit/537.36 (KHTML, like Gecko) Chrome/81.0.4044.138 Safari/537.36"
::1 - - [14/May/2020:21:12:28 +0000] "GET /css/_header.css HTTP/1.1" 304 - "http://localhost:8000/" "Mozilla/5.0 (X11; Linux x86_64) AppleWebKit/537.36 (KHTML, like Gecko) Chrome/81.0.4044.138 Safari/537.36"
::1 - - [14/May/2020:21:12:28 +0000] "GET /css/_footer.css HTTP/1.1" 304 - "http://localhost:8000/" "Mozilla/5.0 (X11; Linux x86_64) AppleWebKit/537.36 (KHTML, like Gecko) Chrome/81.0.4044.138 Safari/537.36"
::1 - - [14/May/2020:21:12:28 +0000] "GET /js/home_posts_comments.js HTTP/1.1" 304 - "http://localhost:8000/" "Mozilla/5.0 (X11; Linux x86_64) AppleWebKit/537.36 (KHTML, like Gecko) Chrome/81.0.4044.138 Safari/537.36"
::1 - - [14/May/2020:21:12:28 +0000] "GET /js/home_posts.js HTTP/1.1" 304 - "http://localhost:8000/" "Mozilla/5.0 (X11; Linux x86_64) AppleWebKit/537.36 (KHTML, like Gecko) Chrome/81.0.4044.138 Safari/537.36"
::1 - - [14/May/2020:21:12:28 +0000] "GET /js/likes.js HTTP/1.1" 304 - "http://localhost:8000/" "Mozilla/5.0 (X11; Linux x86_64) AppleWebKit/537.36 (KHTML, like Gecko) Chrome/81.0.4044.138 Safari/537.36"
::1 - - [14/May/2020:21:12:28 +0000] "GET /js/chatBox.js HTTP/1.1" 304 - "http://localhost:8000/" "Mozilla/5.0 (X11; Linux x86_64) AppleWebKit/537.36 (KHTML, like Gecko) Chrome/81.0.4044.138 Safari/537.36"
::1 - - [14/May/2020:21:12:41 +0000] "GET /users/profile/5ebdb43c0b715b7307eef4e8 HTTP/1.1" 200 1451 "http://localhost:8000/" "Mozilla/5.0 (X11; Linux x86_64) AppleWebKit/537.36 (KHTML, like Gecko) Chrome/81.0.4044.138 Safari/537.36"
::1 - - [14/May/2020:21:12:41 +0000] "GET /css/layout.css HTTP/1.1" 304 - "http://localhost:8000/users/profile/5ebdb43c0b715b7307eef4e8" "Mozilla/5.0 (X11; Linux x86_64) AppleWebKit/537.36 (KHTML, like Gecko) Chrome/81.0.4044.138 Safari/537.36"
::1 - - [14/May/2020:21:12:41 +0000] "GET /css/_header.css HTTP/1.1" 304 - "http://localhost:8000/users/profile/5ebdb43c0b715b7307eef4e8" "Mozilla/5.0 (X11; Linux x86_64) AppleWebKit/537.36 (KHTML, like Gecko) Chrome/81.0.4044.138 Safari/537.36"
::1 - - [14/May/2020:21:12:41 +0000] "GET /css/_footer.css HTTP/1.1" 304 - "http://localhost:8000/users/profile/5ebdb43c0b715b7307eef4e8" "Mozilla/5.0 (X11; Linux x86_64) AppleWebKit/537.36 (KHTML, like Gecko) Chrome/81.0.4044.138 Safari/537.36"
::1 - - [14/May/2020:21:12:44 +0000] "GET /users/profile/5ebdb43c0b715b7307eef4e8 HTTP/1.1" 304 - "http://localhost:8000/users/profile/5ebdb43c0b715b7307eef4e8" "Mozilla/5.0 (X11; Linux x86_64) AppleWebKit/537.36 (KHTML, like Gecko) Chrome/81.0.4044.138 Safari/537.36"
::1 - - [14/May/2020:21:12:44 +0000] "GET /css/layout.css HTTP/1.1" 304 - "http://localhost:8000/users/profile/5ebdb43c0b715b7307eef4e8" "Mozilla/5.0 (X11; Linux x86_64) AppleWebKit/537.36 (KHTML, like Gecko) Chrome/81.0.4044.138 Safari/537.36"
::1 - - [14/May/2020:21:12:44 +0000] "GET /css/_header.css HTTP/1.1" 304 - "http://localhost:8000/users/profile/5ebdb43c0b715b7307eef4e8" "Mozilla/5.0 (X11; Linux x86_64) AppleWebKit/537.36 (KHTML, like Gecko) Chrome/81.0.4044.138 Safari/537.36"
::1 - - [14/May/2020:21:12:44 +0000] "GET /css/_footer.css HTTP/1.1" 304 - "http://localhost:8000/users/profile/5ebdb43c0b715b7307eef4e8" "Mozilla/5.0 (X11; Linux x86_64) AppleWebKit/537.36 (KHTML, like Gecko) Chrome/81.0.4044.138 Safari/537.36"
::1 - - [14/May/2020:21:12:47 +0000] "GET / HTTP/1.1" 200 3357 "http://localhost:8000/users/profile/5ebdb43c0b715b7307eef4e8" "Mozilla/5.0 (X11; Linux x86_64) AppleWebKit/537.36 (KHTML, like Gecko) Chrome/81.0.4044.138 Safari/537.36"
::1 - - [14/May/2020:21:12:47 +0000] "GET /css/layout.css HTTP/1.1" 304 - "http://localhost:8000/" "Mozilla/5.0 (X11; Linux x86_64) AppleWebKit/537.36 (KHTML, like Gecko) Chrome/81.0.4044.138 Safari/537.36"
::1 - - [14/May/2020:21:12:47 +0000] "GET /css/_chatbox.css HTTP/1.1" 304 - "http://localhost:8000/" "Mozilla/5.0 (X11; Linux x86_64) AppleWebKit/537.36 (KHTML, like Gecko) Chrome/81.0.4044.138 Safari/537.36"
::1 - - [14/May/2020:21:12:47 +0000] "GET /css/_header.css HTTP/1.1" 304 - "http://localhost:8000/" "Mozilla/5.0 (X11; Linux x86_64) AppleWebKit/537.36 (KHTML, like Gecko) Chrome/81.0.4044.138 Safari/537.36"
::1 - - [14/May/2020:21:12:47 +0000] "GET /css/_footer.css HTTP/1.1" 304 - "http://localhost:8000/" "Mozilla/5.0 (X11; Linux x86_64) AppleWebKit/537.36 (KHTML, like Gecko) Chrome/81.0.4044.138 Safari/537.36"
::1 - - [14/May/2020:21:12:47 +0000] "GET /js/home_posts_comments.js HTTP/1.1" 304 - "http://localhost:8000/" "Mozilla/5.0 (X11; Linux x86_64) AppleWebKit/537.36 (KHTML, like Gecko) Chrome/81.0.4044.138 Safari/537.36"
::1 - - [14/May/2020:21:12:47 +0000] "GET /js/home_posts.js HTTP/1.1" 304 - "http://localhost:8000/" "Mozilla/5.0 (X11; Linux x86_64) AppleWebKit/537.36 (KHTML, like Gecko) Chrome/81.0.4044.138 Safari/537.36"
::1 - - [14/May/2020:21:12:47 +0000] "GET /js/likes.js HTTP/1.1" 304 - "http://localhost:8000/" "Mozilla/5.0 (X11; Linux x86_64) AppleWebKit/537.36 (KHTML, like Gecko) Chrome/81.0.4044.138 Safari/537.36"
::1 - - [14/May/2020:21:12:47 +0000] "GET /js/chatBox.js HTTP/1.1" 304 - "http://localhost:8000/" "Mozilla/5.0 (X11; Linux x86_64) AppleWebKit/537.36 (KHTML, like Gecko) Chrome/81.0.4044.138 Safari/537.36"
::1 - - [14/May/2020:21:12:49 +0000] "GET /users/profile/5ebdb2f52167b470da8b0a34 HTTP/1.1" 200 1358 "http://localhost:8000/" "Mozilla/5.0 (X11; Linux x86_64) AppleWebKit/537.36 (KHTML, like Gecko) Chrome/81.0.4044.138 Safari/537.36"
::1 - - [14/May/2020:21:12:49 +0000] "GET /css/layout.css HTTP/1.1" 304 - "http://localhost:8000/users/profile/5ebdb2f52167b470da8b0a34" "Mozilla/5.0 (X11; Linux x86_64) AppleWebKit/537.36 (KHTML, like Gecko) Chrome/81.0.4044.138 Safari/537.36"
::1 - - [14/May/2020:21:12:49 +0000] "GET /css/_header.css HTTP/1.1" 304 - "http://localhost:8000/users/profile/5ebdb2f52167b470da8b0a34" "Mozilla/5.0 (X11; Linux x86_64) AppleWebKit/537.36 (KHTML, like Gecko) Chrome/81.0.4044.138 Safari/537.36"
::1 - - [14/May/2020:21:12:49 +0000] "GET /css/_footer.css HTTP/1.1" 304 - "http://localhost:8000/users/profile/5ebdb2f52167b470da8b0a34" "Mozilla/5.0 (X11; Linux x86_64) AppleWebKit/537.36 (KHTML, like Gecko) Chrome/81.0.4044.138 Safari/537.36"
::1 - - [14/May/2020:21:12:49 +0000] "GET /js/toggle_friend.js HTTP/1.1" 304 - "http://localhost:8000/users/profile/5ebdb2f52167b470da8b0a34" "Mozilla/5.0 (X11; Linux x86_64) AppleWebKit/537.36 (KHTML, like Gecko) Chrome/81.0.4044.138 Safari/537.36"
::1 - - [14/May/2020:21:12:49 +0000] "GET /uploads/users/avatars/avatar-1589490626998 HTTP/1.1" 304 - "http://localhost:8000/users/profile/5ebdb2f52167b470da8b0a34" "Mozilla/5.0 (X11; Linux x86_64) AppleWebKit/537.36 (KHTML, like Gecko) Chrome/81.0.4044.138 Safari/537.36"
::1 - - [14/May/2020:21:12:52 +0000] "GET /users/friend/5ebdb2f52167b470da8b0a34 HTTP/1.1" 200 47 "http://localhost:8000/users/profile/5ebdb2f52167b470da8b0a34" "Mozilla/5.0 (X11; Linux x86_64) AppleWebKit/537.36 (KHTML, like Gecko) Chrome/81.0.4044.138 Safari/537.36"
::1 - - [14/May/2020:21:12:59 +0000] "GET /users/friend/5ebdb2f52167b470da8b0a34 HTTP/1.1" 200 50 "http://localhost:8000/users/profile/5ebdb2f52167b470da8b0a34" "Mozilla/5.0 (X11; Linux x86_64) AppleWebKit/537.36 (KHTML, like Gecko) Chrome/81.0.4044.138 Safari/537.36"
::1 - - [14/May/2020:21:13:00 +0000] "GET /users/friend/5ebdb2f52167b470da8b0a34 HTTP/1.1" 200 47 "http://localhost:8000/users/profile/5ebdb2f52167b470da8b0a34" "Mozilla/5.0 (X11; Linux x86_64) AppleWebKit/537.36 (KHTML, like Gecko) Chrome/81.0.4044.138 Safari/537.36"
::1 - - [14/May/2020:21:13:02 +0000] "GET /users/logout HTTP/1.1" 302 70 "http://localhost:8000/users/profile/5ebdb2f52167b470da8b0a34" "Mozilla/5.0 (X11; Linux x86_64) AppleWebKit/537.36 (KHTML, like Gecko) Chrome/81.0.4044.138 Safari/537.36"
::1 - - [14/May/2020:21:13:02 +0000] "GET /users/signIn HTTP/1.1" 200 1459 "http://localhost:8000/users/profile/5ebdb2f52167b470da8b0a34" "Mozilla/5.0 (X11; Linux x86_64) AppleWebKit/537.36 (KHTML, like Gecko) Chrome/81.0.4044.138 Safari/537.36"
::1 - - [14/May/2020:21:13:02 +0000] "GET /css/layout.css HTTP/1.1" 304 - "http://localhost:8000/users/signIn" "Mozilla/5.0 (X11; Linux x86_64) AppleWebKit/537.36 (KHTML, like Gecko) Chrome/81.0.4044.138 Safari/537.36"
::1 - - [14/May/2020:21:13:02 +0000] "GET /css/_header.css HTTP/1.1" 304 - "http://localhost:8000/users/signIn" "Mozilla/5.0 (X11; Linux x86_64) AppleWebKit/537.36 (KHTML, like Gecko) Chrome/81.0.4044.138 Safari/537.36"
::1 - - [14/May/2020:21:13:02 +0000] "GET /css/_footer.css HTTP/1.1" 304 - "http://localhost:8000/users/signIn" "Mozilla/5.0 (X11; Linux x86_64) AppleWebKit/537.36 (KHTML, like Gecko) Chrome/81.0.4044.138 Safari/537.36"
::1 - - [15/May/2020:20:43:40 +0000] "GET / HTTP/1.1" 500 2105 "-" "Mozilla/5.0 (X11; Linux x86_64) AppleWebKit/537.36 (KHTML, like Gecko) Chrome/81.0.4044.138 Safari/537.36"
::1 - - [15/May/2020:20:43:40 +0000] "GET / HTTP/1.1" 500 2105 "-" "Mozilla/5.0 (X11; Linux x86_64) AppleWebKit/537.36 (KHTML, like Gecko) Chrome/81.0.4044.138 Safari/537.36"
::1 - - [15/May/2020:20:44:34 +0000] "GET / HTTP/1.1" 500 2098 "-" "Mozilla/5.0 (X11; Linux x86_64) AppleWebKit/537.36 (KHTML, like Gecko) Chrome/81.0.4044.138 Safari/537.36"
::1 - - [15/May/2020:20:44:35 +0000] "GET / HTTP/1.1" 500 2098 "-" "Mozilla/5.0 (X11; Linux x86_64) AppleWebKit/537.36 (KHTML, like Gecko) Chrome/81.0.4044.138 Safari/537.36"
::1 - - [15/May/2020:20:47:10 +0000] "GET / HTTP/1.1" 200 2062 "-" "Mozilla/5.0 (X11; Linux x86_64) AppleWebKit/537.36 (KHTML, like Gecko) Chrome/81.0.4044.138 Safari/537.36"
::1 - - [15/May/2020:20:47:10 +0000] "GET /js/home_posts_comments.js HTTP/1.1" 304 - "http://localhost:8000/" "Mozilla/5.0 (X11; Linux x86_64) AppleWebKit/537.36 (KHTML, like Gecko) Chrome/81.0.4044.138 Safari/537.36"
::1 - - [15/May/2020:20:47:10 +0000] "GET /css/layout.css HTTP/1.1" 200 39 "http://localhost:8000/" "Mozilla/5.0 (X11; Linux x86_64) AppleWebKit/537.36 (KHTML, like Gecko) Chrome/81.0.4044.138 Safari/537.36"
::1 - - [15/May/2020:20:47:10 +0000] "GET /css/_footer.css HTTP/1.1" 304 - "http://localhost:8000/" "Mozilla/5.0 (X11; Linux x86_64) AppleWebKit/537.36 (KHTML, like Gecko) Chrome/81.0.4044.138 Safari/537.36"
::1 - - [15/May/2020:20:47:10 +0000] "GET /css/_header.css HTTP/1.1" 304 - "http://localhost:8000/" "Mozilla/5.0 (X11; Linux x86_64) AppleWebKit/537.36 (KHTML, like Gecko) Chrome/81.0.4044.138 Safari/537.36"
::1 - - [15/May/2020:20:47:10 +0000] "GET /js/likes.js HTTP/1.1" 304 - "http://localhost:8000/" "Mozilla/5.0 (X11; Linux x86_64) AppleWebKit/537.36 (KHTML, like Gecko) Chrome/81.0.4044.138 Safari/537.36"
::1 - - [15/May/2020:20:47:10 +0000] "GET /js/home_posts.js HTTP/1.1" 304 - "http://localhost:8000/" "Mozilla/5.0 (X11; Linux x86_64) AppleWebKit/537.36 (KHTML, like Gecko) Chrome/81.0.4044.138 Safari/537.36"
::1 - - [15/May/2020:20:47:10 +0000] "GET /favicon.ico HTTP/1.1" 404 150 "http://localhost:8000/" "Mozilla/5.0 (X11; Linux x86_64) AppleWebKit/537.36 (KHTML, like Gecko) Chrome/81.0.4044.138 Safari/537.36"
::1 - - [15/May/2020:20:47:12 +0000] "GET /users/signIn HTTP/1.1" 200 1261 "http://localhost:8000/" "Mozilla/5.0 (X11; Linux x86_64) AppleWebKit/537.36 (KHTML, like Gecko) Chrome/81.0.4044.138 Safari/537.36"
::1 - - [15/May/2020:20:47:12 +0000] "GET /css/layout.css HTTP/1.1" 304 - "http://localhost:8000/users/signIn" "Mozilla/5.0 (X11; Linux x86_64) AppleWebKit/537.36 (KHTML, like Gecko) Chrome/81.0.4044.138 Safari/537.36"
::1 - - [15/May/2020:20:47:12 +0000] "GET /css/_header.css HTTP/1.1" 304 - "http://localhost:8000/users/signIn" "Mozilla/5.0 (X11; Linux x86_64) AppleWebKit/537.36 (KHTML, like Gecko) Chrome/81.0.4044.138 Safari/537.36"
::1 - - [15/May/2020:20:47:12 +0000] "GET /css/_footer.css HTTP/1.1" 304 - "http://localhost:8000/users/signIn" "Mozilla/5.0 (X11; Linux x86_64) AppleWebKit/537.36 (KHTML, like Gecko) Chrome/81.0.4044.138 Safari/537.36"
::1 - - [15/May/2020:20:47:15 +0000] "POST /users/create_session HTTP/1.1" 302 46 "http://localhost:8000/users/signIn" "Mozilla/5.0 (X11; Linux x86_64) AppleWebKit/537.36 (KHTML, like Gecko) Chrome/81.0.4044.138 Safari/537.36"
::1 - - [15/May/2020:20:47:15 +0000] "GET / HTTP/1.1" 200 3542 "http://localhost:8000/users/signIn" "Mozilla/5.0 (X11; Linux x86_64) AppleWebKit/537.36 (KHTML, like Gecko) Chrome/81.0.4044.138 Safari/537.36"
::1 - - [15/May/2020:20:47:15 +0000] "GET /css/layout.css HTTP/1.1" 304 - "http://localhost:8000/" "Mozilla/5.0 (X11; Linux x86_64) AppleWebKit/537.36 (KHTML, like Gecko) Chrome/81.0.4044.138 Safari/537.36"
::1 - - [15/May/2020:20:47:15 +0000] "GET /css/_header.css HTTP/1.1" 304 - "http://localhost:8000/" "Mozilla/5.0 (X11; Linux x86_64) AppleWebKit/537.36 (KHTML, like Gecko) Chrome/81.0.4044.138 Safari/537.36"
::1 - - [15/May/2020:20:47:15 +0000] "GET /css/_footer.css HTTP/1.1" 304 - "http://localhost:8000/" "Mozilla/5.0 (X11; Linux x86_64) AppleWebKit/537.36 (KHTML, like Gecko) Chrome/81.0.4044.138 Safari/537.36"
::1 - - [15/May/2020:20:47:15 +0000] "GET /js/home_posts_comments.js HTTP/1.1" 304 - "http://localhost:8000/" "Mozilla/5.0 (X11; Linux x86_64) AppleWebKit/537.36 (KHTML, like Gecko) Chrome/81.0.4044.138 Safari/537.36"
::1 - - [15/May/2020:20:47:15 +0000] "GET /js/home_posts.js HTTP/1.1" 304 - "http://localhost:8000/" "Mozilla/5.0 (X11; Linux x86_64) AppleWebKit/537.36 (KHTML, like Gecko) Chrome/81.0.4044.138 Safari/537.36"
::1 - - [15/May/2020:20:47:15 +0000] "GET /js/likes.js HTTP/1.1" 304 - "http://localhost:8000/" "Mozilla/5.0 (X11; Linux x86_64) AppleWebKit/537.36 (KHTML, like Gecko) Chrome/81.0.4044.138 Safari/537.36"
::1 - - [15/May/2020:20:47:15 +0000] "GET /js/chatBox.js HTTP/1.1" 304 - "http://localhost:8000/" "Mozilla/5.0 (X11; Linux x86_64) AppleWebKit/537.36 (KHTML, like Gecko) Chrome/81.0.4044.138 Safari/537.36"
::1 - - [15/May/2020:20:47:15 +0000] "GET /css/_chatbox.css HTTP/1.1" 304 - "http://localhost:8000/" "Mozilla/5.0 (X11; Linux x86_64) AppleWebKit/537.36 (KHTML, like Gecko) Chrome/81.0.4044.138 Safari/537.36"
::1 - - [15/May/2020:20:47:18 +0000] "POST /posts/create HTTP/1.1" 200 298 "http://localhost:8000/" "Mozilla/5.0 (X11; Linux x86_64) AppleWebKit/537.36 (KHTML, like Gecko) Chrome/81.0.4044.138 Safari/537.36"
::1 - - [15/May/2020:20:47:21 +0000] "POST /comments/create HTTP/1.1" 200 324 "http://localhost:8000/" "Mozilla/5.0 (X11; Linux x86_64) AppleWebKit/537.36 (KHTML, like Gecko) Chrome/81.0.4044.138 Safari/537.36"
::1 - - [15/May/2020:20:47:22 +0000] "GET /posts/destroy/5ebeffd6dbcf906c43da54e0 HTTP/1.1" 200 72 "http://localhost:8000/" "Mozilla/5.0 (X11; Linux x86_64) AppleWebKit/537.36 (KHTML, like Gecko) Chrome/81.0.4044.138 Safari/537.36"
::1 - - [15/May/2020:20:47:34 +0000] "GET /users/logout HTTP/1.1" 302 70 "http://localhost:8000/" "Mozilla/5.0 (X11; Linux x86_64) AppleWebKit/537.36 (KHTML, like Gecko) Chrome/81.0.4044.138 Safari/537.36"
::1 - - [15/May/2020:20:47:34 +0000] "GET /users/signIn HTTP/1.1" 200 1459 "http://localhost:8000/" "Mozilla/5.0 (X11; Linux x86_64) AppleWebKit/537.36 (KHTML, like Gecko) Chrome/81.0.4044.138 Safari/537.36"
::1 - - [15/May/2020:20:47:34 +0000] "GET /css/layout.css HTTP/1.1" 304 - "http://localhost:8000/users/signIn" "Mozilla/5.0 (X11; Linux x86_64) AppleWebKit/537.36 (KHTML, like Gecko) Chrome/81.0.4044.138 Safari/537.36"
::1 - - [15/May/2020:20:47:34 +0000] "GET /css/_header.css HTTP/1.1" 304 - "http://localhost:8000/users/signIn" "Mozilla/5.0 (X11; Linux x86_64) AppleWebKit/537.36 (KHTML, like Gecko) Chrome/81.0.4044.138 Safari/537.36"
::1 - - [15/May/2020:20:47:34 +0000] "GET /css/_footer.css HTTP/1.1" 304 - "http://localhost:8000/users/signIn" "Mozilla/5.0 (X11; Linux x86_64) AppleWebKit/537.36 (KHTML, like Gecko) Chrome/81.0.4044.138 Safari/537.36"
::1 - - [15/May/2020:20:48:00 +0000] "GET /users/signIn HTTP/1.1" 200 1261 "http://localhost:8000/" "Mozilla/5.0 (X11; Linux x86_64) AppleWebKit/537.36 (KHTML, like Gecko) Chrome/81.0.4044.138 Safari/537.36"
::1 - - [15/May/2020:20:48:00 +0000] "GET /css/layout.css HTTP/1.1" 304 - "http://localhost:8000/users/signIn" "Mozilla/5.0 (X11; Linux x86_64) AppleWebKit/537.36 (KHTML, like Gecko) Chrome/81.0.4044.138 Safari/537.36"
::1 - - [15/May/2020:20:48:00 +0000] "GET /css/_header.css HTTP/1.1" 304 - "http://localhost:8000/users/signIn" "Mozilla/5.0 (X11; Linux x86_64) AppleWebKit/537.36 (KHTML, like Gecko) Chrome/81.0.4044.138 Safari/537.36"
::1 - - [15/May/2020:20:48:00 +0000] "GET /css/_footer.css HTTP/1.1" 304 - "http://localhost:8000/users/signIn" "Mozilla/5.0 (X11; Linux x86_64) AppleWebKit/537.36 (KHTML, like Gecko) Chrome/81.0.4044.138 Safari/537.36"
::1 - - [15/May/2020:20:48:00 +0000] "GET /users/signIn HTTP/1.1" 304 - "http://localhost:8000/" "Mozilla/5.0 (X11; Linux x86_64) AppleWebKit/537.36 (KHTML, like Gecko) Chrome/81.0.4044.138 Safari/537.36"
::1 - - [15/May/2020:20:48:00 +0000] "GET /css/layout.css HTTP/1.1" 304 - "http://localhost:8000/users/signIn" "Mozilla/5.0 (X11; Linux x86_64) AppleWebKit/537.36 (KHTML, like Gecko) Chrome/81.0.4044.138 Safari/537.36"
::1 - - [15/May/2020:20:48:00 +0000] "GET /css/_header.css HTTP/1.1" 304 - "http://localhost:8000/users/signIn" "Mozilla/5.0 (X11; Linux x86_64) AppleWebKit/537.36 (KHTML, like Gecko) Chrome/81.0.4044.138 Safari/537.36"
::1 - - [15/May/2020:20:48:00 +0000] "GET /css/_footer.css HTTP/1.1" 304 - "http://localhost:8000/users/signIn" "Mozilla/5.0 (X11; Linux x86_64) AppleWebKit/537.36 (KHTML, like Gecko) Chrome/81.0.4044.138 Safari/537.36"
::1 - - [15/May/2020:20:48:04 +0000] "POST /users/create_session HTTP/1.1" 302 46 "http://localhost:8000/users/signIn" "Mozilla/5.0 (X11; Linux x86_64) AppleWebKit/537.36 (KHTML, like Gecko) Chrome/81.0.4044.138 Safari/537.36"
::1 - - [15/May/2020:20:48:04 +0000] "GET / HTTP/1.1" 304 - "http://localhost:8000/users/signIn" "Mozilla/5.0 (X11; Linux x86_64) AppleWebKit/537.36 (KHTML, like Gecko) Chrome/81.0.4044.138 Safari/537.36"
::1 - - [15/May/2020:20:48:04 +0000] "GET /css/layout.css HTTP/1.1" 304 - "http://localhost:8000/" "Mozilla/5.0 (X11; Linux x86_64) AppleWebKit/537.36 (KHTML, like Gecko) Chrome/81.0.4044.138 Safari/537.36"
::1 - - [15/May/2020:20:48:04 +0000] "GET /css/_chatbox.css HTTP/1.1" 304 - "http://localhost:8000/" "Mozilla/5.0 (X11; Linux x86_64) AppleWebKit/537.36 (KHTML, like Gecko) Chrome/81.0.4044.138 Safari/537.36"
::1 - - [15/May/2020:20:48:04 +0000] "GET /css/_header.css HTTP/1.1" 304 - "http://localhost:8000/" "Mozilla/5.0 (X11; Linux x86_64) AppleWebKit/537.36 (KHTML, like Gecko) Chrome/81.0.4044.138 Safari/537.36"
::1 - - [15/May/2020:20:48:04 +0000] "GET /css/_footer.css HTTP/1.1" 304 - "http://localhost:8000/" "Mozilla/5.0 (X11; Linux x86_64) AppleWebKit/537.36 (KHTML, like Gecko) Chrome/81.0.4044.138 Safari/537.36"
::1 - - [15/May/2020:20:48:04 +0000] "GET /js/home_posts_comments.js HTTP/1.1" 304 - "http://localhost:8000/" "Mozilla/5.0 (X11; Linux x86_64) AppleWebKit/537.36 (KHTML, like Gecko) Chrome/81.0.4044.138 Safari/537.36"
::1 - - [15/May/2020:20:48:04 +0000] "GET /js/home_posts.js HTTP/1.1" 304 - "http://localhost:8000/" "Mozilla/5.0 (X11; Linux x86_64) AppleWebKit/537.36 (KHTML, like Gecko) Chrome/81.0.4044.138 Safari/537.36"
::1 - - [15/May/2020:20:48:04 +0000] "GET /js/likes.js HTTP/1.1" 304 - "http://localhost:8000/" "Mozilla/5.0 (X11; Linux x86_64) AppleWebKit/537.36 (KHTML, like Gecko) Chrome/81.0.4044.138 Safari/537.36"
::1 - - [15/May/2020:20:48:04 +0000] "GET /js/chatBox.js HTTP/1.1" 304 - "http://localhost:8000/" "Mozilla/5.0 (X11; Linux x86_64) AppleWebKit/537.36 (KHTML, like Gecko) Chrome/81.0.4044.138 Safari/537.36"
::1 - - [15/May/2020:20:48:07 +0000] "POST /posts/create HTTP/1.1" 200 299 "http://localhost:8000/" "Mozilla/5.0 (X11; Linux x86_64) AppleWebKit/537.36 (KHTML, like Gecko) Chrome/81.0.4044.138 Safari/537.36"
::1 - - [15/May/2020:20:48:52 +0000] "GET /css/layout.css HTTP/1.1" 304 - "http://localhost:8000/" "Mozilla/5.0 (X11; Linux x86_64) AppleWebKit/537.36 (KHTML, like Gecko) Chrome/81.0.4044.138 Safari/537.36"
::1 - - [15/May/2020:20:48:52 +0000] "GET /css/_header.css HTTP/1.1" 304 - "http://localhost:8000/" "Mozilla/5.0 (X11; Linux x86_64) AppleWebKit/537.36 (KHTML, like Gecko) Chrome/81.0.4044.138 Safari/537.36"
::1 - - [15/May/2020:20:48:52 +0000] "GET /css/_footer.css HTTP/1.1" 304 - "http://localhost:8000/" "Mozilla/5.0 (X11; Linux x86_64) AppleWebKit/537.36 (KHTML, like Gecko) Chrome/81.0.4044.138 Safari/537.36"
::1 - - [15/May/2020:20:48:52 +0000] "GET /js/home_posts_comments.js HTTP/1.1" 304 - "http://localhost:8000/" "Mozilla/5.0 (X11; Linux x86_64) AppleWebKit/537.36 (KHTML, like Gecko) Chrome/81.0.4044.138 Safari/537.36"
::1 - - [15/May/2020:20:48:52 +0000] "GET /js/home_posts.js HTTP/1.1" 304 - "http://localhost:8000/" "Mozilla/5.0 (X11; Linux x86_64) AppleWebKit/537.36 (KHTML, like Gecko) Chrome/81.0.4044.138 Safari/537.36"
::1 - - [15/May/2020:20:48:52 +0000] "GET /js/likes.js HTTP/1.1" 304 - "http://localhost:8000/" "Mozilla/5.0 (X11; Linux x86_64) AppleWebKit/537.36 (KHTML, like Gecko) Chrome/81.0.4044.138 Safari/537.36"
::1 - - [15/May/2020:20:48:52 +0000] "GET / HTTP/1.1" 200 2062 "http://localhost:8000/users/signIn" "Mozilla/5.0 (X11; Linux x86_64) AppleWebKit/537.36 (KHTML, like Gecko) Chrome/81.0.4044.138 Safari/537.36"
